2023/12/18 17:55:57.818 INFO [PluginManager] [main] Plugin directories env: /usr/local/Cellar/pinot/1.0.0/libexec/plugins, parsed directories to load: '[/usr/local/Cellar/pinot/1.0.0/libexec/plugins]'
2023/12/18 17:55:57.835 INFO [PluginManager] [main] Please use env variable 'plugins.include' to customize plugins to load. Loading all plugins: [/usr/local/Cellar/pinot/1.0.0/libexec/plugins/pinot-segment-writer/pinot-segment-writer-file-based/pinot-segment-writer-file-based-1.0.0.jar, /usr/local/Cellar/pinot/1.0.0/libexec/plugins/pinot-environment/pinot-azure/pinot-azure-1.0.0-shaded.jar, /usr/local/Cellar/pinot/1.0.0/libexec/plugins/pinot-minion-tasks/pinot-minion-builtin-tasks/pinot-minion-builtin-tasks-1.0.0.jar, /usr/local/Cellar/pinot/1.0.0/libexec/plugins/pinot-file-system/pinot-gcs/pinot-gcs-1.0.0-shaded.jar, /usr/local/Cellar/pinot/1.0.0/libexec/plugins/pinot-file-system/pinot-adls/pinot-adls-1.0.0-shaded.jar, /usr/local/Cellar/pinot/1.0.0/libexec/plugins/pinot-file-system/pinot-s3/pinot-s3-1.0.0-shaded.jar, /usr/local/Cellar/pinot/1.0.0/libexec/plugins/pinot-file-system/pinot-hdfs/pinot-hdfs-1.0.0-shaded.jar, /usr/local/Cellar/pinot/1.0.0/libexec/plugins/pinot-batch-ingestion/pinot-batch-ingestion-standalone/pinot-batch-ingestion-standalone-1.0.0-shaded.jar, /usr/local/Cellar/pinot/1.0.0/libexec/plugins/pinot-input-format/pinot-clp-log/pinot-clp-log-1.0.0-shaded.jar, /usr/local/Cellar/pinot/1.0.0/libexec/plugins/pinot-input-format/pinot-protobuf/pinot-protobuf-1.0.0-shaded.jar, /usr/local/Cellar/pinot/1.0.0/libexec/plugins/pinot-input-format/pinot-orc/pinot-orc-1.0.0-shaded.jar, /usr/local/Cellar/pinot/1.0.0/libexec/plugins/pinot-input-format/pinot-csv/pinot-csv-1.0.0-shaded.jar, /usr/local/Cellar/pinot/1.0.0/libexec/plugins/pinot-input-format/pinot-confluent-avro/pinot-confluent-avro-1.0.0-shaded.jar, /usr/local/Cellar/pinot/1.0.0/libexec/plugins/pinot-input-format/pinot-parquet/pinot-parquet-1.0.0-shaded.jar, /usr/local/Cellar/pinot/1.0.0/libexec/plugins/pinot-input-format/pinot-avro/pinot-avro-1.0.0-shaded.jar, /usr/local/Cellar/pinot/1.0.0/libexec/plugins/pinot-input-format/pinot-json/pinot-json-1.0.0-shaded.jar, /usr/local/Cellar/pinot/1.0.0/libexec/plugins/pinot-input-format/pinot-thrift/pinot-thrift-1.0.0-shaded.jar, /usr/local/Cellar/pinot/1.0.0/libexec/plugins/pinot-segment-uploader/pinot-segment-uploader-default/pinot-segment-uploader-default-1.0.0.jar, /usr/local/Cellar/pinot/1.0.0/libexec/plugins/pinot-stream-ingestion/pinot-kafka-2.0/pinot-kafka-2.0-1.0.0-shaded.jar, /usr/local/Cellar/pinot/1.0.0/libexec/plugins/pinot-stream-ingestion/pinot-kinesis/pinot-kinesis-1.0.0-shaded.jar, /usr/local/Cellar/pinot/1.0.0/libexec/plugins/pinot-stream-ingestion/pinot-pulsar/pinot-pulsar-1.0.0-shaded.jar, /usr/local/Cellar/pinot/1.0.0/libexec/plugins/pinot-metrics/pinot-dropwizard/pinot-dropwizard-1.0.0-shaded.jar, /usr/local/Cellar/pinot/1.0.0/libexec/plugins/pinot-metrics/pinot-yammer/pinot-yammer-1.0.0-shaded.jar]
2023/12/18 17:55:57.836 INFO [PluginManager] [main] Found plugin, pluginDir: /usr/local/Cellar/pinot/1.0.0/libexec/plugins/pinot-segment-writer/pinot-segment-writer-file-based, pluginName: pinot-segment-writer-file-based
2023/12/18 17:55:57.836 INFO [PluginManager] [main] Added [pinot-segment-writer-file-based] from dir [/usr/local/Cellar/pinot/1.0.0/libexec/plugins/pinot-segment-writer/pinot-segment-writer-file-based] to final list of plugins to load
2023/12/18 17:55:57.836 INFO [PluginManager] [main] Found plugin, pluginDir: /usr/local/Cellar/pinot/1.0.0/libexec/plugins/pinot-environment/pinot-azure, pluginName: pinot-azure
2023/12/18 17:55:57.836 INFO [PluginManager] [main] Added [pinot-azure] from dir [/usr/local/Cellar/pinot/1.0.0/libexec/plugins/pinot-environment/pinot-azure] to final list of plugins to load
2023/12/18 17:55:57.836 INFO [PluginManager] [main] Found plugin, pluginDir: /usr/local/Cellar/pinot/1.0.0/libexec/plugins/pinot-minion-tasks/pinot-minion-builtin-tasks, pluginName: pinot-minion-builtin-tasks
2023/12/18 17:55:57.836 INFO [PluginManager] [main] Added [pinot-minion-builtin-tasks] from dir [/usr/local/Cellar/pinot/1.0.0/libexec/plugins/pinot-minion-tasks/pinot-minion-builtin-tasks] to final list of plugins to load
2023/12/18 17:55:57.836 INFO [PluginManager] [main] Found plugin, pluginDir: /usr/local/Cellar/pinot/1.0.0/libexec/plugins/pinot-file-system/pinot-gcs, pluginName: pinot-gcs
2023/12/18 17:55:57.837 INFO [PluginManager] [main] Added [pinot-gcs] from dir [/usr/local/Cellar/pinot/1.0.0/libexec/plugins/pinot-file-system/pinot-gcs] to final list of plugins to load
2023/12/18 17:55:57.837 INFO [PluginManager] [main] Found plugin, pluginDir: /usr/local/Cellar/pinot/1.0.0/libexec/plugins/pinot-file-system/pinot-adls, pluginName: pinot-adls
2023/12/18 17:55:57.837 INFO [PluginManager] [main] Added [pinot-adls] from dir [/usr/local/Cellar/pinot/1.0.0/libexec/plugins/pinot-file-system/pinot-adls] to final list of plugins to load
2023/12/18 17:55:57.837 INFO [PluginManager] [main] Found plugin, pluginDir: /usr/local/Cellar/pinot/1.0.0/libexec/plugins/pinot-file-system/pinot-s3, pluginName: pinot-s3
2023/12/18 17:55:57.837 INFO [PluginManager] [main] Added [pinot-s3] from dir [/usr/local/Cellar/pinot/1.0.0/libexec/plugins/pinot-file-system/pinot-s3] to final list of plugins to load
2023/12/18 17:55:57.837 INFO [PluginManager] [main] Found plugin, pluginDir: /usr/local/Cellar/pinot/1.0.0/libexec/plugins/pinot-file-system/pinot-hdfs, pluginName: pinot-hdfs
2023/12/18 17:55:57.837 INFO [PluginManager] [main] Added [pinot-hdfs] from dir [/usr/local/Cellar/pinot/1.0.0/libexec/plugins/pinot-file-system/pinot-hdfs] to final list of plugins to load
2023/12/18 17:55:57.837 INFO [PluginManager] [main] Found plugin, pluginDir: /usr/local/Cellar/pinot/1.0.0/libexec/plugins/pinot-batch-ingestion/pinot-batch-ingestion-standalone, pluginName: pinot-batch-ingestion-standalone
2023/12/18 17:55:57.837 INFO [PluginManager] [main] Added [pinot-batch-ingestion-standalone] from dir [/usr/local/Cellar/pinot/1.0.0/libexec/plugins/pinot-batch-ingestion/pinot-batch-ingestion-standalone] to final list of plugins to load
2023/12/18 17:55:57.837 INFO [PluginManager] [main] Found plugin, pluginDir: /usr/local/Cellar/pinot/1.0.0/libexec/plugins/pinot-input-format/pinot-clp-log, pluginName: pinot-clp-log
2023/12/18 17:55:57.837 INFO [PluginManager] [main] Added [pinot-clp-log] from dir [/usr/local/Cellar/pinot/1.0.0/libexec/plugins/pinot-input-format/pinot-clp-log] to final list of plugins to load
2023/12/18 17:55:57.838 INFO [PluginManager] [main] Found plugin, pluginDir: /usr/local/Cellar/pinot/1.0.0/libexec/plugins/pinot-input-format/pinot-protobuf, pluginName: pinot-protobuf
2023/12/18 17:55:57.838 INFO [PluginManager] [main] Added [pinot-protobuf] from dir [/usr/local/Cellar/pinot/1.0.0/libexec/plugins/pinot-input-format/pinot-protobuf] to final list of plugins to load
2023/12/18 17:55:57.838 INFO [PluginManager] [main] Found plugin, pluginDir: /usr/local/Cellar/pinot/1.0.0/libexec/plugins/pinot-input-format/pinot-orc, pluginName: pinot-orc
2023/12/18 17:55:57.838 INFO [PluginManager] [main] Added [pinot-orc] from dir [/usr/local/Cellar/pinot/1.0.0/libexec/plugins/pinot-input-format/pinot-orc] to final list of plugins to load
2023/12/18 17:55:57.838 INFO [PluginManager] [main] Found plugin, pluginDir: /usr/local/Cellar/pinot/1.0.0/libexec/plugins/pinot-input-format/pinot-csv, pluginName: pinot-csv
2023/12/18 17:55:57.838 INFO [PluginManager] [main] Added [pinot-csv] from dir [/usr/local/Cellar/pinot/1.0.0/libexec/plugins/pinot-input-format/pinot-csv] to final list of plugins to load
2023/12/18 17:55:57.838 INFO [PluginManager] [main] Found plugin, pluginDir: /usr/local/Cellar/pinot/1.0.0/libexec/plugins/pinot-input-format/pinot-confluent-avro, pluginName: pinot-confluent-avro
2023/12/18 17:55:57.838 INFO [PluginManager] [main] Added [pinot-confluent-avro] from dir [/usr/local/Cellar/pinot/1.0.0/libexec/plugins/pinot-input-format/pinot-confluent-avro] to final list of plugins to load
2023/12/18 17:55:57.838 INFO [PluginManager] [main] Found plugin, pluginDir: /usr/local/Cellar/pinot/1.0.0/libexec/plugins/pinot-input-format/pinot-parquet, pluginName: pinot-parquet
2023/12/18 17:55:57.838 INFO [PluginManager] [main] Added [pinot-parquet] from dir [/usr/local/Cellar/pinot/1.0.0/libexec/plugins/pinot-input-format/pinot-parquet] to final list of plugins to load
2023/12/18 17:55:57.838 INFO [PluginManager] [main] Found plugin, pluginDir: /usr/local/Cellar/pinot/1.0.0/libexec/plugins/pinot-input-format/pinot-avro, pluginName: pinot-avro
2023/12/18 17:55:57.838 INFO [PluginManager] [main] Added [pinot-avro] from dir [/usr/local/Cellar/pinot/1.0.0/libexec/plugins/pinot-input-format/pinot-avro] to final list of plugins to load
2023/12/18 17:55:57.838 INFO [PluginManager] [main] Found plugin, pluginDir: /usr/local/Cellar/pinot/1.0.0/libexec/plugins/pinot-input-format/pinot-json, pluginName: pinot-json
2023/12/18 17:55:57.838 INFO [PluginManager] [main] Added [pinot-json] from dir [/usr/local/Cellar/pinot/1.0.0/libexec/plugins/pinot-input-format/pinot-json] to final list of plugins to load
2023/12/18 17:55:57.839 INFO [PluginManager] [main] Found plugin, pluginDir: /usr/local/Cellar/pinot/1.0.0/libexec/plugins/pinot-input-format/pinot-thrift, pluginName: pinot-thrift
2023/12/18 17:55:57.839 INFO [PluginManager] [main] Added [pinot-thrift] from dir [/usr/local/Cellar/pinot/1.0.0/libexec/plugins/pinot-input-format/pinot-thrift] to final list of plugins to load
2023/12/18 17:55:57.839 INFO [PluginManager] [main] Found plugin, pluginDir: /usr/local/Cellar/pinot/1.0.0/libexec/plugins/pinot-segment-uploader/pinot-segment-uploader-default, pluginName: pinot-segment-uploader-default
2023/12/18 17:55:57.839 INFO [PluginManager] [main] Added [pinot-segment-uploader-default] from dir [/usr/local/Cellar/pinot/1.0.0/libexec/plugins/pinot-segment-uploader/pinot-segment-uploader-default] to final list of plugins to load
2023/12/18 17:55:57.839 INFO [PluginManager] [main] Found plugin, pluginDir: /usr/local/Cellar/pinot/1.0.0/libexec/plugins/pinot-stream-ingestion/pinot-kafka-2.0, pluginName: pinot-kafka-2.0
2023/12/18 17:55:57.839 INFO [PluginManager] [main] Added [pinot-kafka-2.0] from dir [/usr/local/Cellar/pinot/1.0.0/libexec/plugins/pinot-stream-ingestion/pinot-kafka-2.0] to final list of plugins to load
2023/12/18 17:55:57.839 INFO [PluginManager] [main] Found plugin, pluginDir: /usr/local/Cellar/pinot/1.0.0/libexec/plugins/pinot-stream-ingestion/pinot-kinesis, pluginName: pinot-kinesis
2023/12/18 17:55:57.839 INFO [PluginManager] [main] Added [pinot-kinesis] from dir [/usr/local/Cellar/pinot/1.0.0/libexec/plugins/pinot-stream-ingestion/pinot-kinesis] to final list of plugins to load
2023/12/18 17:55:57.839 INFO [PluginManager] [main] Found plugin, pluginDir: /usr/local/Cellar/pinot/1.0.0/libexec/plugins/pinot-stream-ingestion/pinot-pulsar, pluginName: pinot-pulsar
2023/12/18 17:55:57.839 INFO [PluginManager] [main] Added [pinot-pulsar] from dir [/usr/local/Cellar/pinot/1.0.0/libexec/plugins/pinot-stream-ingestion/pinot-pulsar] to final list of plugins to load
2023/12/18 17:55:57.839 INFO [PluginManager] [main] Found plugin, pluginDir: /usr/local/Cellar/pinot/1.0.0/libexec/plugins/pinot-metrics/pinot-dropwizard, pluginName: pinot-dropwizard
2023/12/18 17:55:57.839 INFO [PluginManager] [main] Added [pinot-dropwizard] from dir [/usr/local/Cellar/pinot/1.0.0/libexec/plugins/pinot-metrics/pinot-dropwizard] to final list of plugins to load
2023/12/18 17:55:57.839 INFO [PluginManager] [main] Found plugin, pluginDir: /usr/local/Cellar/pinot/1.0.0/libexec/plugins/pinot-metrics/pinot-yammer, pluginName: pinot-yammer
2023/12/18 17:55:57.839 INFO [PluginManager] [main] Added [pinot-yammer] from dir [/usr/local/Cellar/pinot/1.0.0/libexec/plugins/pinot-metrics/pinot-yammer] to final list of plugins to load
2023/12/18 17:55:57.840 INFO [PluginManager] [main] #getPluginsToLoad has produced 23 plugins to load
2023/12/18 17:55:57.840 INFO [PluginManager] [main] Trying to load plugin [pinot-protobuf] from location [/usr/local/Cellar/pinot/1.0.0/libexec/plugins/pinot-input-format/pinot-protobuf]
2023/12/18 17:55:57.840 INFO [PluginManager] [main] Successfully loaded plugin [pinot-protobuf] from jar files: [file:/usr/local/Cellar/pinot/1.0.0/libexec/plugins/pinot-input-format/pinot-protobuf/pinot-protobuf-1.0.0-shaded.jar]
2023/12/18 17:55:57.840 INFO [PluginManager] [main] Successfully Loaded plugin [pinot-protobuf] from dir [/usr/local/Cellar/pinot/1.0.0/libexec/plugins/pinot-input-format/pinot-protobuf]
2023/12/18 17:55:57.840 INFO [PluginManager] [main] Trying to load plugin [pinot-kafka-2.0] from location [/usr/local/Cellar/pinot/1.0.0/libexec/plugins/pinot-stream-ingestion/pinot-kafka-2.0]
2023/12/18 17:55:57.841 INFO [PluginManager] [main] Successfully loaded plugin [pinot-kafka-2.0] from jar files: [file:/usr/local/Cellar/pinot/1.0.0/libexec/plugins/pinot-stream-ingestion/pinot-kafka-2.0/pinot-kafka-2.0-1.0.0-shaded.jar]
2023/12/18 17:55:57.841 INFO [PluginManager] [main] Successfully Loaded plugin [pinot-kafka-2.0] from dir [/usr/local/Cellar/pinot/1.0.0/libexec/plugins/pinot-stream-ingestion/pinot-kafka-2.0]
2023/12/18 17:55:57.841 INFO [PluginManager] [main] Trying to load plugin [pinot-avro] from location [/usr/local/Cellar/pinot/1.0.0/libexec/plugins/pinot-input-format/pinot-avro]
2023/12/18 17:55:57.841 INFO [PluginManager] [main] Successfully loaded plugin [pinot-avro] from jar files: [file:/usr/local/Cellar/pinot/1.0.0/libexec/plugins/pinot-input-format/pinot-avro/pinot-avro-1.0.0-shaded.jar]
2023/12/18 17:55:57.841 INFO [PluginManager] [main] Successfully Loaded plugin [pinot-avro] from dir [/usr/local/Cellar/pinot/1.0.0/libexec/plugins/pinot-input-format/pinot-avro]
2023/12/18 17:55:57.841 INFO [PluginManager] [main] Trying to load plugin [pinot-csv] from location [/usr/local/Cellar/pinot/1.0.0/libexec/plugins/pinot-input-format/pinot-csv]
2023/12/18 17:55:57.842 INFO [PluginManager] [main] Successfully loaded plugin [pinot-csv] from jar files: [file:/usr/local/Cellar/pinot/1.0.0/libexec/plugins/pinot-input-format/pinot-csv/pinot-csv-1.0.0-shaded.jar]
2023/12/18 17:55:57.842 INFO [PluginManager] [main] Successfully Loaded plugin [pinot-csv] from dir [/usr/local/Cellar/pinot/1.0.0/libexec/plugins/pinot-input-format/pinot-csv]
2023/12/18 17:55:57.842 INFO [PluginManager] [main] Trying to load plugin [pinot-s3] from location [/usr/local/Cellar/pinot/1.0.0/libexec/plugins/pinot-file-system/pinot-s3]
2023/12/18 17:55:57.842 INFO [PluginManager] [main] Successfully loaded plugin [pinot-s3] from jar files: [file:/usr/local/Cellar/pinot/1.0.0/libexec/plugins/pinot-file-system/pinot-s3/pinot-s3-1.0.0-shaded.jar]
2023/12/18 17:55:57.842 INFO [PluginManager] [main] Successfully Loaded plugin [pinot-s3] from dir [/usr/local/Cellar/pinot/1.0.0/libexec/plugins/pinot-file-system/pinot-s3]
2023/12/18 17:55:57.843 INFO [PluginManager] [main] Trying to load plugin [pinot-segment-uploader-default] from location [/usr/local/Cellar/pinot/1.0.0/libexec/plugins/pinot-segment-uploader/pinot-segment-uploader-default]
2023/12/18 17:55:57.843 INFO [PluginManager] [main] Successfully loaded plugin [pinot-segment-uploader-default] from jar files: [file:/usr/local/Cellar/pinot/1.0.0/libexec/plugins/pinot-segment-uploader/pinot-segment-uploader-default/pinot-segment-uploader-default-1.0.0.jar]
2023/12/18 17:55:57.843 INFO [PluginManager] [main] Successfully Loaded plugin [pinot-segment-uploader-default] from dir [/usr/local/Cellar/pinot/1.0.0/libexec/plugins/pinot-segment-uploader/pinot-segment-uploader-default]
2023/12/18 17:55:57.843 INFO [PluginManager] [main] Trying to load plugin [pinot-yammer] from location [/usr/local/Cellar/pinot/1.0.0/libexec/plugins/pinot-metrics/pinot-yammer]
2023/12/18 17:55:57.844 INFO [PluginManager] [main] Successfully loaded plugin [pinot-yammer] from jar files: [file:/usr/local/Cellar/pinot/1.0.0/libexec/plugins/pinot-metrics/pinot-yammer/pinot-yammer-1.0.0-shaded.jar]
2023/12/18 17:55:57.844 INFO [PluginManager] [main] Successfully Loaded plugin [pinot-yammer] from dir [/usr/local/Cellar/pinot/1.0.0/libexec/plugins/pinot-metrics/pinot-yammer]
2023/12/18 17:55:57.844 INFO [PluginManager] [main] Trying to load plugin [pinot-batch-ingestion-standalone] from location [/usr/local/Cellar/pinot/1.0.0/libexec/plugins/pinot-batch-ingestion/pinot-batch-ingestion-standalone]
2023/12/18 17:55:57.845 INFO [PluginManager] [main] Successfully loaded plugin [pinot-batch-ingestion-standalone] from jar files: [file:/usr/local/Cellar/pinot/1.0.0/libexec/plugins/pinot-batch-ingestion/pinot-batch-ingestion-standalone/pinot-batch-ingestion-standalone-1.0.0-shaded.jar]
2023/12/18 17:55:57.845 INFO [PluginManager] [main] Successfully Loaded plugin [pinot-batch-ingestion-standalone] from dir [/usr/local/Cellar/pinot/1.0.0/libexec/plugins/pinot-batch-ingestion/pinot-batch-ingestion-standalone]
2023/12/18 17:55:57.845 INFO [PluginManager] [main] Trying to load plugin [pinot-confluent-avro] from location [/usr/local/Cellar/pinot/1.0.0/libexec/plugins/pinot-input-format/pinot-confluent-avro]
2023/12/18 17:55:57.845 INFO [PluginManager] [main] Successfully loaded plugin [pinot-confluent-avro] from jar files: [file:/usr/local/Cellar/pinot/1.0.0/libexec/plugins/pinot-input-format/pinot-confluent-avro/pinot-confluent-avro-1.0.0-shaded.jar]
2023/12/18 17:55:57.845 INFO [PluginManager] [main] Successfully Loaded plugin [pinot-confluent-avro] from dir [/usr/local/Cellar/pinot/1.0.0/libexec/plugins/pinot-input-format/pinot-confluent-avro]
2023/12/18 17:55:57.845 INFO [PluginManager] [main] Trying to load plugin [pinot-thrift] from location [/usr/local/Cellar/pinot/1.0.0/libexec/plugins/pinot-input-format/pinot-thrift]
2023/12/18 17:55:57.846 INFO [PluginManager] [main] Successfully loaded plugin [pinot-thrift] from jar files: [file:/usr/local/Cellar/pinot/1.0.0/libexec/plugins/pinot-input-format/pinot-thrift/pinot-thrift-1.0.0-shaded.jar]
2023/12/18 17:55:57.846 INFO [PluginManager] [main] Successfully Loaded plugin [pinot-thrift] from dir [/usr/local/Cellar/pinot/1.0.0/libexec/plugins/pinot-input-format/pinot-thrift]
2023/12/18 17:55:57.846 INFO [PluginManager] [main] Trying to load plugin [pinot-orc] from location [/usr/local/Cellar/pinot/1.0.0/libexec/plugins/pinot-input-format/pinot-orc]
2023/12/18 17:55:57.846 INFO [PluginManager] [main] Successfully loaded plugin [pinot-orc] from jar files: [file:/usr/local/Cellar/pinot/1.0.0/libexec/plugins/pinot-input-format/pinot-orc/pinot-orc-1.0.0-shaded.jar]
2023/12/18 17:55:57.846 INFO [PluginManager] [main] Successfully Loaded plugin [pinot-orc] from dir [/usr/local/Cellar/pinot/1.0.0/libexec/plugins/pinot-input-format/pinot-orc]
2023/12/18 17:55:57.846 INFO [PluginManager] [main] Trying to load plugin [pinot-clp-log] from location [/usr/local/Cellar/pinot/1.0.0/libexec/plugins/pinot-input-format/pinot-clp-log]
2023/12/18 17:55:57.847 INFO [PluginManager] [main] Successfully loaded plugin [pinot-clp-log] from jar files: [file:/usr/local/Cellar/pinot/1.0.0/libexec/plugins/pinot-input-format/pinot-clp-log/pinot-clp-log-1.0.0-shaded.jar]
2023/12/18 17:55:57.847 INFO [PluginManager] [main] Successfully Loaded plugin [pinot-clp-log] from dir [/usr/local/Cellar/pinot/1.0.0/libexec/plugins/pinot-input-format/pinot-clp-log]
2023/12/18 17:55:57.847 INFO [PluginManager] [main] Trying to load plugin [pinot-pulsar] from location [/usr/local/Cellar/pinot/1.0.0/libexec/plugins/pinot-stream-ingestion/pinot-pulsar]
2023/12/18 17:55:57.847 INFO [PluginManager] [main] Successfully loaded plugin [pinot-pulsar] from jar files: [file:/usr/local/Cellar/pinot/1.0.0/libexec/plugins/pinot-stream-ingestion/pinot-pulsar/pinot-pulsar-1.0.0-shaded.jar]
2023/12/18 17:55:57.847 INFO [PluginManager] [main] Successfully Loaded plugin [pinot-pulsar] from dir [/usr/local/Cellar/pinot/1.0.0/libexec/plugins/pinot-stream-ingestion/pinot-pulsar]
2023/12/18 17:55:57.847 INFO [PluginManager] [main] Trying to load plugin [pinot-azure] from location [/usr/local/Cellar/pinot/1.0.0/libexec/plugins/pinot-environment/pinot-azure]
2023/12/18 17:55:57.848 INFO [PluginManager] [main] Successfully loaded plugin [pinot-azure] from jar files: [file:/usr/local/Cellar/pinot/1.0.0/libexec/plugins/pinot-environment/pinot-azure/pinot-azure-1.0.0-shaded.jar]
2023/12/18 17:55:57.848 INFO [PluginManager] [main] Successfully Loaded plugin [pinot-azure] from dir [/usr/local/Cellar/pinot/1.0.0/libexec/plugins/pinot-environment/pinot-azure]
2023/12/18 17:55:57.848 INFO [PluginManager] [main] Trying to load plugin [pinot-gcs] from location [/usr/local/Cellar/pinot/1.0.0/libexec/plugins/pinot-file-system/pinot-gcs]
2023/12/18 17:55:57.848 INFO [PluginManager] [main] Successfully loaded plugin [pinot-gcs] from jar files: [file:/usr/local/Cellar/pinot/1.0.0/libexec/plugins/pinot-file-system/pinot-gcs/pinot-gcs-1.0.0-shaded.jar]
2023/12/18 17:55:57.848 INFO [PluginManager] [main] Successfully Loaded plugin [pinot-gcs] from dir [/usr/local/Cellar/pinot/1.0.0/libexec/plugins/pinot-file-system/pinot-gcs]
2023/12/18 17:55:57.848 INFO [PluginManager] [main] Trying to load plugin [pinot-dropwizard] from location [/usr/local/Cellar/pinot/1.0.0/libexec/plugins/pinot-metrics/pinot-dropwizard]
2023/12/18 17:55:57.849 INFO [PluginManager] [main] Successfully loaded plugin [pinot-dropwizard] from jar files: [file:/usr/local/Cellar/pinot/1.0.0/libexec/plugins/pinot-metrics/pinot-dropwizard/pinot-dropwizard-1.0.0-shaded.jar]
2023/12/18 17:55:57.849 INFO [PluginManager] [main] Successfully Loaded plugin [pinot-dropwizard] from dir [/usr/local/Cellar/pinot/1.0.0/libexec/plugins/pinot-metrics/pinot-dropwizard]
2023/12/18 17:55:57.849 INFO [PluginManager] [main] Trying to load plugin [pinot-hdfs] from location [/usr/local/Cellar/pinot/1.0.0/libexec/plugins/pinot-file-system/pinot-hdfs]
2023/12/18 17:55:57.849 INFO [PluginManager] [main] Successfully loaded plugin [pinot-hdfs] from jar files: [file:/usr/local/Cellar/pinot/1.0.0/libexec/plugins/pinot-file-system/pinot-hdfs/pinot-hdfs-1.0.0-shaded.jar]
2023/12/18 17:55:57.849 INFO [PluginManager] [main] Successfully Loaded plugin [pinot-hdfs] from dir [/usr/local/Cellar/pinot/1.0.0/libexec/plugins/pinot-file-system/pinot-hdfs]
2023/12/18 17:55:57.849 INFO [PluginManager] [main] Trying to load plugin [pinot-adls] from location [/usr/local/Cellar/pinot/1.0.0/libexec/plugins/pinot-file-system/pinot-adls]
2023/12/18 17:55:57.850 INFO [PluginManager] [main] Successfully loaded plugin [pinot-adls] from jar files: [file:/usr/local/Cellar/pinot/1.0.0/libexec/plugins/pinot-file-system/pinot-adls/pinot-adls-1.0.0-shaded.jar]
2023/12/18 17:55:57.850 INFO [PluginManager] [main] Successfully Loaded plugin [pinot-adls] from dir [/usr/local/Cellar/pinot/1.0.0/libexec/plugins/pinot-file-system/pinot-adls]
2023/12/18 17:55:57.850 INFO [PluginManager] [main] Trying to load plugin [pinot-kinesis] from location [/usr/local/Cellar/pinot/1.0.0/libexec/plugins/pinot-stream-ingestion/pinot-kinesis]
2023/12/18 17:55:57.850 INFO [PluginManager] [main] Successfully loaded plugin [pinot-kinesis] from jar files: [file:/usr/local/Cellar/pinot/1.0.0/libexec/plugins/pinot-stream-ingestion/pinot-kinesis/pinot-kinesis-1.0.0-shaded.jar]
2023/12/18 17:55:57.850 INFO [PluginManager] [main] Successfully Loaded plugin [pinot-kinesis] from dir [/usr/local/Cellar/pinot/1.0.0/libexec/plugins/pinot-stream-ingestion/pinot-kinesis]
2023/12/18 17:55:57.850 INFO [PluginManager] [main] Trying to load plugin [pinot-minion-builtin-tasks] from location [/usr/local/Cellar/pinot/1.0.0/libexec/plugins/pinot-minion-tasks/pinot-minion-builtin-tasks]
2023/12/18 17:55:57.851 INFO [PluginManager] [main] Successfully loaded plugin [pinot-minion-builtin-tasks] from jar files: [file:/usr/local/Cellar/pinot/1.0.0/libexec/plugins/pinot-minion-tasks/pinot-minion-builtin-tasks/pinot-minion-builtin-tasks-1.0.0.jar]
2023/12/18 17:55:57.851 INFO [PluginManager] [main] Successfully Loaded plugin [pinot-minion-builtin-tasks] from dir [/usr/local/Cellar/pinot/1.0.0/libexec/plugins/pinot-minion-tasks/pinot-minion-builtin-tasks]
2023/12/18 17:55:57.851 INFO [PluginManager] [main] Trying to load plugin [pinot-json] from location [/usr/local/Cellar/pinot/1.0.0/libexec/plugins/pinot-input-format/pinot-json]
2023/12/18 17:55:57.851 INFO [PluginManager] [main] Successfully loaded plugin [pinot-json] from jar files: [file:/usr/local/Cellar/pinot/1.0.0/libexec/plugins/pinot-input-format/pinot-json/pinot-json-1.0.0-